<?xml version="1.0" encoding="UTF-8"?>
<!-- Generated by org.testng.reporters.JUnitXMLReporter -->
<testsuite hostname="5CG6332Q3H" name="firefox  Test" tests="1" failures="1" timestamp="14 Aug 2017 07:09:39 GMT" time="0.087" errors="0">
  <testcase name="testcase" time="0.058" classname="com.ctli.it.testcases.LoginTestCase">
    <failure type="java.lang.NullPointerException">
      <![CDATA[java.lang.NullPointerException
	at org.openqa.selenium.support.pagefactory.DefaultElementLocator.findElement(DefaultElementLocator.java:69)
	at org.openqa.selenium.support.pagefactory.internal.LocatingElementHandler.invoke(LocatingElementHandler.java:38)
	at com.sun.proxy.$Proxy6.getTagName(Unknown Source)
	at com.ctli.it.lib.BaseClass.click(BaseClass.java:152)
	at com.ctli.it.lib.LoginPage.demo(LoginPage.java:30)
	at com.ctli.it.testcases.LoginTestCase.testcase(LoginTestCase.java:16)
... Removed 24 stack frames]]>
    </failure>
  </testcase> <!-- testcase -->
</testsuite> <!-- firefox  Test -->
