<?xml version="1.0" encoding="UTF-8"?>
<testng-results skipped="0" failed="0" total="1" passed="1">
  <reporter-output>
  </reporter-output>
  <suite name="Default suite" duration-ms="4693" started-at="2017-08-26T12:37:25Z" finished-at="2017-08-26T12:37:29Z">
    <groups>
    </groups>
    <test name="Default test" duration-ms="4693" started-at="2017-08-26T12:37:25Z" finished-at="2017-08-26T12:37:29Z">
      <class name="com.ctli.it.restAssured.Rest_Methods">
        <test-method status="PASS" signature="get()[pri:0, instance:com.ctli.it.restAssured.Rest_Methods@53f65459]" name="get" duration-ms="4677" started-at="2017-08-26T18:07:25Z" finished-at="2017-08-26T18:07:29Z">
          <reporter-output>
          </reporter-output>
        </test-method> <!-- get -->
      </class> <!-- com.ctli.it.restAssured.Rest_Methods -->
    </test> <!-- Default test -->
  </suite> <!-- Default suite -->
</testng-results>
